Archive CC-NEWS-20160829145200-00005_ENG.warc.gz. Downloading took 276.456001 seconds.
Archive CC-NEWS-20160829145200-00005_ENG.warc.gz. Started recompressing.
Archive CC-NEWS-20160829145200-00005_ENG.warc.gz. Recompressed.
Archive CC-NEWS-20160829145200-00005_ENG.warc.gz. Recompressing took 260.07776 seconds.
Archive ./recompressed_CC-NEWS-20160829145200-00005_ENG.warc.gz. Total 14774 records.
Archive ./recompressed_CC-NEWS-20160829145200-00005_ENG.warc.gz. Possible news 2259.
Archive ./recompressed_CC-NEWS-20160829145200-00005_ENG.warc.gz. News with collocations 71.
Archive CC-NEWS-20160829145200-00005_ENG.warc.gz. Processing took 2210.307424 seconds.
Archive CC-NEWS-20160829145200-00005_ENG.warc.gz. Deleted.
Archive CC-NEWS-20160829145200-00005_ENG.warc.gz. Finished.
1 archives were finished.
Archive CC-NEWS-20160829145200-00005_ENG.warc.gz. Whole processing took 2747.293267 seconds
Archive CC-NEWS-20160830145200-00006_ENG.warc.gz. Downloading took 57.090582 seconds.
Archive CC-NEWS-20160830145200-00006_ENG.warc.gz. Started recompressing.
Archive CC-NEWS-20160830145200-00006_ENG.warc.gz. Recompressed.
Archive CC-NEWS-20160830145200-00006_ENG.warc.gz. Recompressing took 269.846408 seconds.
Archive ./recompressed_CC-NEWS-20160830145200-00006_ENG.warc.gz. Total 16102 records.
Archive ./recompressed_CC-NEWS-20160830145200-00006_ENG.warc.gz. Possible news 1674.
Archive ./recompressed_CC-NEWS-20160830145200-00006_ENG.warc.gz. News with collocations 105.
Archive CC-NEWS-20160830145200-00006_ENG.warc.gz. Processing took 1429.426476 seconds.
Archive CC-NEWS-20160830145200-00006_ENG.warc.gz. Deleted.
Archive CC-NEWS-20160830145200-00006_ENG.warc.gz. Finished.
2 archives were finished.
Archive CC-NEWS-20160830145200-00006_ENG.warc.gz. Whole processing took 1756.738414 seconds